<?xml version="1.0" encoding="utf-8" standalone="no"?>
<test-results xmlns:xsi="http://www.w3.org/2001/XMLSchema-instance" xsi:noNamespaceSchemaLocation="nunit_schema_2.5.xsd" name="Pester" total="20" errors="0" failures="0" not-run="0" inconclusive="0" ignored="0" skipped="0" invalid="0" date="2026-04-17" time="14:37:45">
  <environment nunit-version="2.5.8.0" os-version="6.17.0-1010-azure" machine-name="runnervmeorf1" user="runner" clr-version="8.0.25" cwd="/home/runner/work/pwsh-profile/pwsh-profile" user-domain="" platform="Linux" />
  <culture-info current-culture="" current-uiculture="" />
  <test-suite type="TestFixture" name="Pester" executed="True" result="Success" success="True" time="7.9338" asserts="0" description="Pester">
    <results>
      <test-suite type="TestFixture" name="/home/runner/work/pwsh-profile/pwsh-profile/tests/unit/Inventory.Tests.ps1" executed="True" result="Success" success="True" time="1.4701" asserts="0" description="/home/runner/work/pwsh-profile/pwsh-profile/tests/unit/Inventory.Tests.ps1">
        <results>
          <test-suite type="TestFixture" name="command inventory coverage" executed="True" result="Success" success="True" time="1.1196" asserts="0" description="command inventory coverage">
            <results>
              <test-case description="covers every tracked function definition" name="command inventory coverage.covers every tracked function definition" time="0.2674" asserts="0" success="True" result="Success" executed="True" />
              <test-case description="covers every tracked top-level script" name="command inventory coverage.covers every tracked top-level script" time="0.0272" asserts="0" success="True" result="Success" executed="True" />
              <test-case description="provides required metadata for every inventory entry" name="command inventory coverage.provides required metadata for every inventory entry" time="0.7873" asserts="0" success="True" result="Success" executed="True" />
            </results>
          </test-suite>
        </results>
      </test-suite>
      <test-suite type="TestFixture" name="/home/runner/work/pwsh-profile/pwsh-profile/tests/unit/Module.Tests.ps1" executed="True" result="Success" success="True" time="0.179" asserts="0" description="/home/runner/work/pwsh-profile/pwsh-profile/tests/unit/Module.Tests.ps1">
        <results>
          <test-suite type="TestFixture" name="PwshProfile module" executed="True" result="Success" success="True" time="0.1051" asserts="0" description="PwshProfile module">
            <results>
              <test-case description="imports the module manifest successfully" name="PwshProfile module.imports the module manifest successfully" time="0.0127" asserts="0" success="True" result="Success" executed="True" />
              <test-case description="exports the expected public functions" name="PwshProfile module.exports the expected public functions" time="0.0546" asserts="0" success="True" result="Success" executed="True" />
              <test-case description="exports the expected public aliases" name="PwshProfile module.exports the expected public aliases" time="0.0311" asserts="0" success="True" result="Success" executed="True" />
            </results>
          </test-suite>
        </results>
      </test-suite>
      <test-suite type="TestFixture" name="/home/runner/work/pwsh-profile/pwsh-profile/tests/unit/Profile.Tests.ps1" executed="True" result="Success" success="True" time="1.3123" asserts="0" description="/home/runner/work/pwsh-profile/pwsh-profile/tests/unit/Profile.Tests.ps1">
        <results>
          <test-suite type="TestFixture" name="profile loading" executed="True" result="Success" success="True" time="1.2901" asserts="0" description="profile loading">
            <results>
              <test-case description="loads without throwing in non-interactive CI contexts" name="profile loading.loads without throwing in non-interactive CI contexts" time="1.2842" asserts="0" success="True" result="Success" executed="True" />
            </results>
          </test-suite>
        </results>
      </test-suite>
      <test-suite type="TestFixture" name="/home/runner/work/pwsh-profile/pwsh-profile/tests/unit/Scripts.Tests.ps1" executed="True" result="Success" success="True" time="2.9381" asserts="0" description="/home/runner/work/pwsh-profile/pwsh-profile/tests/unit/Scripts.Tests.ps1">
        <results>
          <test-suite type="TestFixture" name="standalone scripts" executed="True" result="Success" success="True" time="2.9131" asserts="0" description="standalone scripts">
            <results>
              <test-case description="returns structured timing data from test-loading-time.ps1" name="standalone scripts.returns structured timing data from test-loading-time.ps1" time="1.2967" asserts="0" success="True" result="Success" executed="True" />
              <test-case description="returns a non-zero exit code when the smoke harness detects a failure" name="standalone scripts.returns a non-zero exit code when the smoke harness detects a failure" time="1.6117" asserts="0" success="True" result="Success" executed="True" />
            </results>
          </test-suite>
        </results>
      </test-suite>
      <test-suite type="TestFixture" name="/home/runner/work/pwsh-profile/pwsh-profile/tests/unit/Setup.Tests.ps1" executed="True" result="Success" success="True" time="0.0672" asserts="0" description="/home/runner/work/pwsh-profile/pwsh-profile/tests/unit/Setup.Tests.ps1">
        <results>
          <test-suite type="TestFixture" name="setup script helpers" executed="True" result="Success" success="True" time="0.0462" asserts="0" description="setup script helpers">
            <results>
              <test-case description="builds the expected source profile path" name="setup script helpers.builds the expected source profile path" time="0.005" asserts="0" success="True" result="Success" executed="True" />
              <test-case description="supports WhatIf for setup orchestration" name="setup script helpers.supports WhatIf for setup orchestration" time="0.0389" asserts="0" success="True" result="Success" executed="True" />
            </results>
          </test-suite>
        </results>
      </test-suite>
      <test-suite type="TestFixture" name="/home/runner/work/pwsh-profile/pwsh-profile/tests/unit/Utility.Tests.ps1" executed="True" result="Success" success="True" time="0.1108" asserts="0" description="/home/runner/work/pwsh-profile/pwsh-profile/tests/unit/Utility.Tests.ps1">
        <results>
          <test-suite type="TestFixture" name="deterministic utility commands" executed="True" result="Success" success="True" time="0.0842" asserts="0" description="deterministic utility commands">
            <results>
              <test-case description="converts byte counts to human-readable sizes" name="deterministic utility commands.converts byte counts to human-readable sizes" time="0.0133" asserts="0" success="True" result="Success" executed="True" />
              <test-case description="parses dotenv lines" name="deterministic utility commands.parses dotenv lines" time="0.021" asserts="0" success="True" result="Success" executed="True" />
              <test-case description="ignores comments in dotenv parsing" name="deterministic utility commands.ignores comments in dotenv parsing" time="0.0058" asserts="0" success="True" result="Success" executed="True" />
              <test-case description="does not modify files when Update-FileText runs with WhatIf" name="deterministic utility commands.does not modify files when Update-FileText runs with WhatIf" time="0.0122" asserts="0" success="True" result="Success" executed="True" />
              <test-case description="supports WhatIf for Remove-ToRecycleBin on all platforms" name="deterministic utility commands.supports WhatIf for Remove-ToRecycleBin on all platforms" time="0.0094" asserts="0" success="True" result="Success" executed="True" />
              <test-case description="returns strongly-typed Azure menu items" name="deterministic utility commands.returns strongly-typed Azure menu items" time="0.0133" asserts="0" success="True" result="Success" executed="True" />
              <test-case description="derives the expected project config path" name="deterministic utility commands.derives the expected project config path" time="0.006" asserts="0" success="True" result="Success" executed="True" />
            </results>
          </test-suite>
        </results>
      </test-suite>
      <test-suite type="TestFixture" name="/home/runner/work/pwsh-profile/pwsh-profile/tests/smoke/Smoke.Tests.ps1" executed="True" result="Success" success="True" time="1.7892" asserts="0" description="/home/runner/work/pwsh-profile/pwsh-profile/tests/smoke/Smoke.Tests.ps1">
        <results>
          <test-suite type="TestFixture" name="smoke harness" executed="True" result="Success" success="True" time="1.7784" asserts="0" description="smoke harness">
            <results>
              <test-case description="passes in the default CI-safe configuration" name="smoke harness.passes in the default CI-safe configuration" time="1.7763" asserts="0" success="True" result="Success" executed="True" />
            </results>
          </test-suite>
        </results>
      </test-suite>
      <test-suite type="TestFixture" name="/home/runner/work/pwsh-profile/pwsh-profile/tests/external/External.Tests.ps1" executed="True" result="Success" success="True" time="0.0671" asserts="0" description="/home/runner/work/pwsh-profile/pwsh-profile/tests/external/External.Tests.ps1">
        <results>
          <test-suite type="TestFixture" name="external dependency coverage" executed="True" result="Success" success="True" time="0.0533" asserts="0" description="external dependency coverage">
            <results>
              <test-case description="classifies every external dependency command with a skip reason" name="external dependency coverage.classifies every external dependency command with a skip reason" time="0.0361" asserts="0" success="True" result="Success" executed="True" />
            </results>
          </test-suite>
        </results>
      </test-suite>
    </results>
  </test-suite>
</test-results>